<?xml version="1.0" encoding="UTF-8"?>
<testsuite xmlns:xsi="http://www.w3.org/2001/XMLSchema-instance" xsi:noNamespaceSchemaLocation="https://maven.apache.org/surefire/maven-surefire-plugin/xsd/surefire-test-report-3.0.xsd" version="3.0" name="com.keyin.cli.MainTest" time="0.344" tests="5" errors="5" skipped="0" failures="0">
  <properties>
[...]
</properties>
  <testcase name="testMenuOption1DisplaysAirportResults" classname="com.keyin.cli.MainTest" time="0.18">
    <error message="No line found" type="java.util.NoSuchElementException"><![CDATA[java.util.NoSuchElementException: No line found
	at java.base/java.util.Scanner.nextLine(Scanner.java:1677)
	at com.keyin.cli.Main.main(Main.java:24)
	at com.keyin.cli.MainTest.testMenuOption1DisplaysAirportResults(MainTest.java:24)
	at java.base/java.lang.reflect.Method.invoke(Method.java:580)
	at java.base/java.util.ArrayList.forEach(ArrayList.java:1597)
	at java.base/java.util.ArrayList.forEach(ArrayList.java:1597)
]]></error>
  </testcase>
  <testcase name="testInvalidOptionThenExit" classname="com.keyin.cli.MainTest" time="0.014">
    <error message="No line found" type="java.util.NoSuchElementException"><![CDATA[java.util.NoSuchElementException: No line found
	at java.base/java.util.Scanner.nextLine(Scanner.java:1677)
	at com.keyin.cli.Main.main(Main.java:24)
	at com.keyin.cli.MainTest.testInvalidOptionThenExit(MainTest.java:88)
	at java.base/java.lang.reflect.Method.invoke(Method.java:580)
	at java.base/java.util.ArrayList.forEach(ArrayList.java:1597)
	at java.base/java.util.ArrayList.forEach(ArrayList.java:1597)
]]></error>
  </testcase>
  <testcase name="testMenuOption4DisplaysAirportsPerPassenger" classname="com.keyin.cli.MainTest" time="0.06">
    <error message="No line found" type="java.util.NoSuchElementException"><![CDATA[java.util.NoSuchElementException: No line found
	at java.base/java.util.Scanner.nextLine(Scanner.java:1677)
	at com.keyin.cli.Main.main(Main.java:24)
	at com.keyin.cli.MainTest.testMenuOption4DisplaysAirportsPerPassenger(MainTest.java:73)
	at java.base/java.lang.reflect.Method.invoke(Method.java:580)
	at java.base/java.util.ArrayList.forEach(ArrayList.java:1597)
	at java.base/java.util.ArrayList.forEach(ArrayList.java:1597)
]]></error>
  </testcase>
  <testcase name="testMenuOption3DisplaysAirportPerAircraftResults" classname="com.keyin.cli.MainTest" time="0.033">
    <error message="No line found" type="java.util.NoSuchElementException"><![CDATA[java.util.NoSuchElementException: No line found
	at java.base/java.util.Scanner.nextLine(Scanner.java:1677)
	at com.keyin.cli.Main.main(Main.java:24)
	at com.keyin.cli.MainTest.testMenuOption3DisplaysAirportPerAircraftResults(MainTest.java:58)
	at java.base/java.lang.reflect.Method.invoke(Method.java:580)
	at java.base/java.util.ArrayList.forEach(ArrayList.java:1597)
	at java.base/java.util.ArrayList.forEach(ArrayList.java:1597)
]]></error>
  </testcase>
  <testcase name="testMenuOption2DisplaysAircraftResults" classname="com.keyin.cli.MainTest" time="0.052">
    <error message="No line found" type="java.util.NoSuchElementException"><![CDATA[java.util.NoSuchElementException: No line found
	at java.base/java.util.Scanner.nextLine(Scanner.java:1677)
	at com.keyin.cli.Main.main(Main.java:24)
	at com.keyin.cli.MainTest.testMenuOption2DisplaysAircraftResults(MainTest.java:43)
	at java.base/java.lang.reflect.Method.invoke(Method.java:580)
	at java.base/java.util.ArrayList.forEach(ArrayList.java:1597)
	at java.base/java.util.ArrayList.forEach(ArrayList.java:1597)
]]></error>
  </testcase>
</testsuite>