<?xml version="1.0" encoding="UTF-8"?>
<testsuite xmlns:xsi="http://www.w3.org/2001/XMLSchema-instance" xsi:noNamespaceSchemaLocation="https://maven.apache.org/surefire/maven-surefire-plugin/xsd/surefire-test-report-3.0.xsd" version="3.0" name="com.keyin.cli.MainTest" time="0.134" tests="5" errors="0" skipped="0" failures="0">
  <properties>
[...]
</properties>
  <testcase name="testMenuOption1DisplaysAirportsByCity" classname="com.keyin.cli.MainTest" time="0.043"/>
  <testcase name="testMenuOption2DisplaysAircraftPerPassenger" classname="com.keyin.cli.MainTest" time="0.022"/>
  <testcase name="testInvalidOptionThenExit" classname="com.keyin.cli.MainTest" time="0.018"/>
  <testcase name="testMenuOption4DisplaysAirportsPerPassenger" classname="com.keyin.cli.MainTest" time="0.023"/>
  <testcase name="testMenuOption3DisplaysAirportsPerAircraft" classname="com.keyin.cli.MainTest" time="0.023"/>
</testsuite>